<?xml version="1.0" encoding="UTF-8"?>
<testsuite xmlns:xsi="http://www.w3.org/2001/XMLSchema-instance" xsi:noNamespaceSchemaLocation="https://maven.apache.org/surefire/maven-surefire-plugin/xsd/surefire-test-report.xsd" version="3.0.2" name="FelineTest" time="0.015" tests="4" errors="0" skipped="0" failures="0">
  <properties>
[...]
</properties>
  <testcase name="testGetFamilyReturnsCorrectFamily" classname="FelineTest" time="0.002"/>
  <testcase name="testGetKittensDefaultReturnsOne" classname="FelineTest" time="0.002"/>
  <testcase name="testEatMeatReturnsFoodList" classname="FelineTest" time="0.003"/>
  <testcase name="testGetKittensWithArgumentReturnsArgument" classname="FelineTest" time="0.002"/>
</testsuite>